/*C2*/SET SCHEMA PUBLIC
DROP TABLE TASKS
CREATE TABLE TASKS ( id INTEGER IDENTITY, description VARCHAR(256), complete INTEGER, username VARCHAR(256) )
ALTER SEQUENCE PUBLIC.TASKID RESTART WITH 2
INSERT INTO TASKS VALUES(1,'task1',0,NULL)
COMMIT
ALTER SEQUENCE PUBLIC.TASKID RESTART WITH 3
INSERT INTO TASKS VALUES(2,'task2',0,NULL)
COMMIT
ALTER SEQUENCE PUBLIC.TASKID RESTART WITH 4
INSERT INTO TASKS VALUES(3,'task3',0,NULL)
COMMIT
ALTER SEQUENCE PUBLIC.TASKID RESTART WITH 5
INSERT INTO TASKS VALUES(4,'task4',0,NULL)
COMMIT
DELETE FROM TASKS WHERE ID=4
INSERT INTO TASKS VALUES(4,'task4',0,NULL)
COMMIT
DELETE FROM TASKS WHERE ID=4
INSERT INTO TASKS VALUES(4,'task4',1,NULL)
COMMIT
