/*C1*/SET SCHEMA SYSTEM_LOBS
INSERT INTO BLOCKS VALUES(0,2147483647,0)
COMMIT
/*C2*/SET SCHEMA PUBLIC
CREATE SEQUENCE TASKID
CREATE TABLE TASKS ( id INTEGER IDENTITY, description VARCHAR(256), complete INTEGER )
ALTER SEQUENCE PUBLIC.TASKID RESTART WITH 1
INSERT INTO TASKS VALUES(0,'task1',0)
COMMIT
ALTER SEQUENCE PUBLIC.TASKID RESTART WITH 2
INSERT INTO TASKS VALUES(1,'task2',0)
COMMIT
ALTER SEQUENCE PUBLIC.TASKID RESTART WITH 3
INSERT INTO TASKS VALUES(2,'task3',0)
COMMIT
ALTER SEQUENCE PUBLIC.TASKID RESTART WITH 4
INSERT INTO TASKS VALUES(3,'task4',0)
COMMIT
/*C3*/SET SCHEMA PUBLIC
DISCONNECT
